This is pdfTeX, Version 3.1415926-2.5-1.40.14 (TeX Live 2013/Debian) (format=pdflatex 2014.5.31)  6 JUN 2014 07:49
entering extended mode
 restricted \write18 enabled.
 %&-line parsing enabled.
**allrk.tex
(./allrk.tex
LaTeX2e <2011/06/27>
Babel <3.9f> and hyphenation patterns for 2 languages loaded.
(/usr/share/texlive/texmf-dist/tex/latex/base/report.cls
Document Class: report 2007/10/19 v1.4h Standard LaTeX document class
(/usr/share/texlive/texmf-dist/tex/latex/base/size12.clo
File: size12.clo 2007/10/19 v1.4h Standard LaTeX file (size option)
)
\c@part=\count79
\c@chapter=\count80
\c@section=\count81
\c@subsection=\count82
\c@subsubsection=\count83
\c@paragraph=\count84
\c@subparagraph=\count85
\c@figure=\count86
\c@table=\count87
\abovecaptionskip=\skip41
\belowcaptionskip=\skip42
\bibindent=\dimen102
)
(/usr/share/texlive/texmf-dist/tex/latex/graphics/color.sty
Package: color 2005/11/14 v1.0j Standard LaTeX Color (DPC)

(/usr/share/texlive/texmf-dist/tex/latex/latexconfig/color.cfg
File: color.cfg 2007/01/18 v1.5 color configuration of teTeX/TeXLive
)
Package color Info: Driver file: pdftex.def on input line 130.

(/usr/share/texlive/texmf-dist/tex/latex/pdftex-def/pdftex.def
File: pdftex.def 2011/05/27 v0.06d Graphics/color for pdfTeX

(/usr/share/texlive/texmf-dist/tex/generic/oberdiek/infwarerr.sty
Package: infwarerr 2010/04/08 v1.3 Providing info/warning/error messages (HO)
)
(/usr/share/texlive/texmf-dist/tex/generic/oberdiek/ltxcmds.sty
Package: ltxcmds 2011/11/09 v1.22 LaTeX kernel commands for general use (HO)
)
\Gread@gobject=\count88
))
(/usr/share/texlive/texmf-dist/tex/latex/graphics/graphicx.sty
Package: graphicx 1999/02/16 v1.0f Enhanced LaTeX Graphics (DPC,SPQR)

(/usr/share/texlive/texmf-dist/tex/latex/graphics/keyval.sty
Package: keyval 1999/03/16 v1.13 key=value parser (DPC)
\KV@toks@=\toks14
)
(/usr/share/texlive/texmf-dist/tex/latex/graphics/graphics.sty
Package: graphics 2009/02/05 v1.0o Standard LaTeX Graphics (DPC,SPQR)

(/usr/share/texlive/texmf-dist/tex/latex/graphics/trig.sty
Package: trig 1999/03/16 v1.09 sin cos tan (DPC)
)
(/usr/share/texlive/texmf-dist/tex/latex/latexconfig/graphics.cfg
File: graphics.cfg 2010/04/23 v1.9 graphics configuration of TeX Live
)
Package graphics Info: Driver file: pdftex.def on input line 91.
)
\Gin@req@height=\dimen103
\Gin@req@width=\dimen104
)
(/usr/share/texlive/texmf-dist/tex/latex/amsfonts/amssymb.sty
Package: amssymb 2013/01/14 v3.01 AMS font symbols

(/usr/share/texlive/texmf-dist/tex/latex/amsfonts/amsfonts.sty
Package: amsfonts 2013/01/14 v3.01 Basic AMSFonts support
\@emptytoks=\toks15
\symAMSa=\mathgroup4
\symAMSb=\mathgroup5
LaTeX Font Info:    Overwriting math alphabet `\mathfrak' in version `bold'
(Font)                  U/euf/m/n --> U/euf/b/n on input line 106.
))
(/usr/share/texlive/texmf-dist/tex/latex/caption/caption.sty
Package: caption 2013/05/02 v3.3-89 Customizing captions (AR)

(/usr/share/texlive/texmf-dist/tex/latex/caption/caption3.sty
Package: caption3 2013/05/02 v1.6-88 caption3 kernel (AR)
Package caption3 Info: TeX engine: e-TeX on input line 57.
\captionmargin=\dimen105
\captionmargin@=\dimen106
\captionwidth=\dimen107
\caption@tempdima=\dimen108
\caption@indent=\dimen109
\caption@parindent=\dimen110
\caption@hangindent=\dimen111
)
\c@ContinuedFloat=\count89
)
(/usr/share/texlive/texmf-dist/tex/latex/caption/subcaption.sty
Package: subcaption 2013/02/03 v1.1-62 Sub-captions (AR)
\c@subfigure=\count90
\c@subtable=\count91
) (./allrk.aux)
\openout1 = `allrk.aux'.

LaTeX Font Info:    Checking defaults for OML/cmm/m/it on input line 7.
LaTeX Font Info:    ... okay on input line 7.
LaTeX Font Info:    Checking defaults for T1/cmr/m/n on input line 7.
LaTeX Font Info:    ... okay on input line 7.
LaTeX Font Info:    Checking defaults for OT1/cmr/m/n on input line 7.
LaTeX Font Info:    ... okay on input line 7.
LaTeX Font Info:    Checking defaults for OMS/cmsy/m/n on input line 7.
LaTeX Font Info:    ... okay on input line 7.
LaTeX Font Info:    Checking defaults for OMX/cmex/m/n on input line 7.
LaTeX Font Info:    ... okay on input line 7.
LaTeX Font Info:    Checking defaults for U/cmr/m/n on input line 7.
LaTeX Font Info:    ... okay on input line 7.

(/usr/share/texlive/texmf-dist/tex/context/base/supp-pdf.mkii
[Loading MPS to PDF converter (version 2006.09.02).]
\scratchcounter=\count92
\scratchdimen=\dimen112
\scratchbox=\box26
\nofMPsegments=\count93
\nofMParguments=\count94
\everyMPshowfont=\toks16
\MPscratchCnt=\count95
\MPscratchDim=\dimen113
\MPnumerator=\count96
\makeMPintoPDFobject=\count97
\everyMPtoPDFconversion=\toks17
) (/usr/share/texlive/texmf-dist/tex/generic/oberdiek/pdftexcmds.sty
Package: pdftexcmds 2011/11/29 v0.20 Utility functions of pdfTeX for LuaTeX (HO
)

(/usr/share/texlive/texmf-dist/tex/generic/oberdiek/ifluatex.sty
Package: ifluatex 2010/03/01 v1.3 Provides the ifluatex switch (HO)
Package ifluatex Info: LuaTeX not detected.
)
(/usr/share/texlive/texmf-dist/tex/generic/oberdiek/ifpdf.sty
Package: ifpdf 2011/01/30 v2.3 Provides the ifpdf switch (HO)
Package ifpdf Info: pdfTeX in PDF mode is detected.
)
Package pdftexcmds Info: LuaTeX not detected.
Package pdftexcmds Info: \pdf@primitive is available.
Package pdftexcmds Info: \pdf@ifprimitive is available.
Package pdftexcmds Info: \pdfdraftmode found.
)
(/usr/share/texlive/texmf-dist/tex/latex/oberdiek/epstopdf-base.sty
Package: epstopdf-base 2010/02/09 v2.5 Base part for package epstopdf

(/usr/share/texlive/texmf-dist/tex/latex/oberdiek/grfext.sty
Package: grfext 2010/08/19 v1.1 Manage graphics extensions (HO)

(/usr/share/texlive/texmf-dist/tex/generic/oberdiek/kvdefinekeys.sty
Package: kvdefinekeys 2011/04/07 v1.3 Define keys (HO)
))
(/usr/share/texlive/texmf-dist/tex/latex/oberdiek/kvoptions.sty
Package: kvoptions 2011/06/30 v3.11 Key value format for package options (HO)

(/usr/share/texlive/texmf-dist/tex/generic/oberdiek/kvsetkeys.sty
Package: kvsetkeys 2012/04/25 v1.16 Key value parser (HO)

(/usr/share/texlive/texmf-dist/tex/generic/oberdiek/etexcmds.sty
Package: etexcmds 2011/02/16 v1.5 Avoid name clashes with e-TeX commands (HO)
Package etexcmds Info: Could not find \expanded.
(etexcmds)             That can mean that you are not using pdfTeX 1.50 or
(etexcmds)             that some package has redefined \expanded.
(etexcmds)             In the latter case, load this package earlier.
)))
Package grfext Info: Graphics extension search list:
(grfext)             [.png,.pdf,.jpg,.mps,.jpeg,.jbig2,.jb2,.PNG,.PDF,.JPG,.JPE
G,.JBIG2,.JB2,.eps]
(grfext)             \AppendGraphicsExtensions on input line 452.

(/usr/share/texlive/texmf-dist/tex/latex/latexconfig/epstopdf-sys.cfg
File: epstopdf-sys.cfg 2010/07/13 v1.3 Configuration of (r)epstopdf for TeX Liv
e
))
Package caption Info: Begin \AtBeginDocument code.
Package caption Info: End \AtBeginDocument code.

<./iitbblacklogo.jpg, id=1, 150.5625pt x 144.2991pt>
File: ./iitbblacklogo.jpg Graphic file (type jpg)
 <use ./iitbblacklogo.jpg>
Package pdftex.def Info: ./iitbblacklogo.jpg used on input line 10.
(pdftex.def)             Requested size: 155.99762pt x 149.52145pt.
LaTeX Font Info:    Try loading font information for U+msa on input line 17.

(/usr/share/texlive/texmf-dist/tex/latex/amsfonts/umsa.fd
File: umsa.fd 2013/01/14 v3.01 AMS symbols A
)
LaTeX Font Info:    Try loading font information for U+msb on input line 17.

(/usr/share/texlive/texmf-dist/tex/latex/amsfonts/umsb.fd
File: umsb.fd 2013/01/14 v3.01 AMS symbols B
) [1

{/var/lib/texmf/fonts/map/pdftex/updmap/pdftex.map} <./iitbblacklogo.jpg>] [1] 
(./allrk.toc)
\tf@toc=\write3
\openout3 = `allrk.toc'.


[1

] [2]
Chapter 1.
[3

] [4]
Chapter 2.
[5

] [6] [7] [8] [9] [10] [11] [12] [13]
Chapter 3.
<Actual.jpeg, id=61, 188.20313pt x 131.74219pt>
File: Actual.jpeg Graphic file (type jpg)
 <use Actual.jpeg>
Package pdftex.def Info: Actual.jpeg used on input line 252.
(pdftex.def)             Requested size: 188.20265pt x 131.74185pt.

<rk2ctd.jpeg, id=62, 250.9375pt x 175.65625pt>
File: rk2ctd.jpeg Graphic file (type jpg)
 <use rk2ctd.jpeg>
Package pdftex.def Info: rk2ctd.jpeg used on input line 259.
(pdftex.def)             Requested size: 155.99762pt x 109.20325pt.

<rk3ctd.jpeg, id=63, 250.9375pt x 175.65625pt>
File: rk3ctd.jpeg Graphic file (type jpg)
 <use rk3ctd.jpeg>
Package pdftex.def Info: rk3ctd.jpeg used on input line 264.
(pdftex.def)             Requested size: 155.99762pt x 109.20325pt.
File: rk3ctd.jpeg Graphic file (type jpg)

<use rk3ctd.jpeg>
Package pdftex.def Info: rk3ctd.jpeg used on input line 269.
(pdftex.def)             Requested size: 155.99762pt x 109.20325pt.
 <rk2upw.jpeg, id=64, 250.9375pt x 175.65625pt>
File: rk2upw.jpeg Graphic file (type jpg)

<use rk2upw.jpeg>
Package pdftex.def Info: rk2upw.jpeg used on input line 280.
(pdftex.def)             Requested size: 155.99762pt x 109.20325pt.
 <rk3upw.jpeg, id=65, 250.9375pt x 175.65625pt>
File: rk3upw.jpeg Graphic file (type jpg)

<use rk3upw.jpeg>
Package pdftex.def Info: rk3upw.jpeg used on input line 285.
(pdftex.def)             Requested size: 155.99762pt x 109.20325pt.
File: rk3upw.jpeg Graphic file (type jpg)
 <use rk3upw.jpeg>
Package pdftex.def Info: rk3upw.jpeg used on input line 290.
(pdftex.def)             Requested size: 155.99762pt x 109.20325pt.


LaTeX Warning: `!h' float specifier changed to `!ht'.


LaTeX Warning: `h' float specifier changed to `ht'.

[14

 <./Actual.jpeg>] <l1.jpeg, id=69, 376.40625pt x 207.02344pt>
File: l1.jpeg Graphic file (type jpg)
 <use l1.jpeg>
Package pdftex.def Info: l1.jpeg used on input line 304.
(pdftex.def)             Requested size: 272.99881pt x 150.15921pt.

<l2.jpeg, id=70, 376.40625pt x 207.02344pt>
File: l2.jpeg Graphic file (type jpg)
 <use l2.jpeg>
Package pdftex.def Info: l2.jpeg used on input line 309.
(pdftex.def)             Requested size: 272.99881pt x 150.15921pt.

<linf.jpeg, id=71, 376.40625pt x 207.02344pt>
File: linf.jpeg Graphic file (type jpg)
 <use linf.jpeg>
Package pdftex.def Info: linf.jpeg used on input line 314.
(pdftex.def)             Requested size: 272.99881pt x 150.15921pt.

<upwl1.jpeg, id=72, 376.40625pt x 207.02344pt>
File: upwl1.jpeg Graphic file (type jpg)
 <use upwl1.jpeg>
Package pdftex.def Info: upwl1.jpeg used on input line 324.
(pdftex.def)             Requested size: 272.99881pt x 150.15921pt.

<upwl2.jpeg, id=73, 376.40625pt x 207.02344pt>
File: upwl2.jpeg Graphic file (type jpg)
 <use upwl2.jpeg>
Package pdftex.def Info: upwl2.jpeg used on input line 329.
(pdftex.def)             Requested size: 272.99881pt x 150.15921pt.

<upwlinf.jpeg, id=74, 376.40625pt x 207.02344pt>
File: upwlinf.jpeg Graphic file (type jpg)
 <use upwlinf.jpeg>
Package pdftex.def Info: upwlinf.jpeg used on input line 334.
(pdftex.def)             Requested size: 272.99881pt x 150.15921pt.
 [15 <./rk2ctd.jpeg> <./rk3ctd.jpeg>]

LaTeX Warning: `!h' float specifier changed to `!ht'.


LaTeX Warning: `!h' float specifier changed to `!ht'.

[16 <./rk2upw.jpeg> <./rk3upw.jpeg>] [17 <./l1.jpeg> <./l2.jpeg> <./linf.jpeg>]
[18 <./upwl1.jpeg> <./upwl2.jpeg> <./upwlinf.jpeg>]
Overfull \hbox (25.68793pt too wide) in alignment at lines 360--365
 [][][] []
 []

<hfsine.jpeg, id=90, 188.20313pt x 131.74219pt>
File: hfsine.jpeg Graphic file (type jpg)
 <use hfsine.jpeg>
Package pdftex.def Info: hfsine.jpeg used on input line 370.
(pdftex.def)             Requested size: 155.99762pt x 109.20526pt.

<hfsinrk3ctd.jpeg, id=91, 188.20313pt x 131.74219pt>
File: hfsinrk3ctd.jpeg Graphic file (type jpg)
 <use hfsinrk3ctd.jpeg>
Package pdftex.def Info: hfsinrk3ctd.jpeg used on input line 375.
(pdftex.def)             Requested size: 155.99762pt x 109.20526pt.

<hfsinrk4upw.jpeg, id=92, 188.20313pt x 131.74219pt>
File: hfsinrk4upw.jpeg Graphic file (type jpg)
 <use hfsinrk4upw.jpeg>
Package pdftex.def Info: hfsinrk4upw.jpeg used on input line 380.
(pdftex.def)             Requested size: 155.99762pt x 109.20526pt.


LaTeX Warning: `!h' float specifier changed to `!ht'.

<sqinit.jpeg, id=93, 203.25937pt x 131.74219pt>
File: sqinit.jpeg Graphic file (type jpg)
 <use sqinit.jpeg>
Package pdftex.def Info: sqinit.jpeg used on input line 392.
(pdftex.def)             Requested size: 195.0pt x 126.39264pt.

<sqpulse2.jpeg, id=94, 203.25937pt x 154.32657pt>
File: sqpulse2.jpeg Graphic file (type jpg)
 <use sqpulse2.jpeg>
Package pdftex.def Info: sqpulse2.jpeg used on input line 397.
(pdftex.def)             Requested size: 195.0pt x 148.05997pt.

<sqrk4ctd.jpeg, id=95, 203.25937pt x 154.32657pt>
File: sqrk4ctd.jpeg Graphic file (type jpg)
 <use sqrk4ctd.jpeg>
Package pdftex.def Info: sqrk4ctd.jpeg used on input line 402.
(pdftex.def)             Requested size: 195.0pt x 148.05997pt.


LaTeX Warning: `h' float specifier changed to `ht'.

[19] [20 <./hfsine.jpeg> <./hfsinrk3ctd.jpeg> <./hfsinrk4upw.jpeg>] [21 <./sqin
it.jpeg> <./sqpulse2.jpeg> <./sqrk4ctd.jpeg>]
Underfull \hbox (badness 6792) in paragraph at lines 421--423
[]\OT1/cmr/m/n/12 Dr. John-son. \OT1/cmr/m/it/12 Von Neu-mann Sta-bil-ity Anal-
y-sis \OT1/cmr/m/n/12 Lec-ture slides
 []

[22

] (./allrk.aux) ) 
Here is how much of TeX's memory you used:
 3116 strings out of 495031
 47375 string characters out of 6181531
 108372 words of memory out of 5000000
 6278 multiletter control sequences out of 15000+600000
 13207 words of font info for 49 fonts, out of 8000000 for 9000
 14 hyphenation exceptions out of 8191
 38i,11n,38p,1187b,492s stack positions out of 5000i,500n,10000p,200000b,80000s
</usr/share/texlive/texmf-dist/fonts/type1/public/amsfonts/cm/
cmbx12.pfb></usr/share/texlive/texmf-dist/fonts/type1/public/amsfonts/cm/cmcsc1
0.pfb></usr/share/texlive/texmf-dist/fonts/type1/public/amsfonts/cm/cmex10.pfb>
</usr/share/texlive/texmf-dist/fonts/type1/public/amsfonts/cm/cmmi10.pfb></usr/
share/texlive/texmf-dist/fonts/type1/public/amsfonts/cm/cmmi12.pfb></usr/share/
texlive/texmf-dist/fonts/type1/public/amsfonts/cm/cmmi8.pfb></usr/share/texlive
/texmf-dist/fonts/type1/public/amsfonts/cm/cmr10.pfb></usr/share/texlive/texmf-
dist/fonts/type1/public/amsfonts/cm/cmr12.pfb></usr/share/texlive/texmf-dist/fo
nts/type1/public/amsfonts/cm/cmr6.pfb></usr/share/texlive/texmf-dist/fonts/type
1/public/amsfonts/cm/cmr8.pfb></usr/share/texlive/texmf-dist/fonts/type1/public
/amsfonts/cm/cmsy10.pfb></usr/share/texlive/texmf-dist/fonts/type1/public/amsfo
nts/cm/cmsy8.pfb></usr/share/texlive/texmf-dist/fonts/type1/public/amsfonts/cm/
cmti12.pfb>
Output written on allrk.pdf (24 pages, 498532 bytes).
PDF statistics:
 151 PDF objects out of 1000 (max. 8388607)
 93 compressed objects within 1 object stream
 0 named destinations out of 1000 (max. 500000)
 91 words of extra memory for PDF output out of 10000 (max. 10000000)

